# Logfile created on 2014-03-12 09:39:47 -0700 by logger.rb/44203
I, [2014-03-12T09:39:47.136550 #60005]  INFO -- : 0:  blankslate (2.1.2.4) from /Users/kalv/.rbenv/versions/2.1.0/lib/ruby/gems/2.1.0/specifications/blankslate-2.1.2.4.gemspec
I, [2014-03-12T09:39:51.670873 #60005]  INFO -- : 0:  fast-stemmer (1.0.2) from /Users/kalv/.rbenv/versions/2.1.0/lib/ruby/gems/2.1.0/specifications/fast-stemmer-1.0.2.gemspec
I, [2014-03-12T09:39:51.903956 #60005]  INFO -- : 0:  classifier (1.3.4) from /Users/kalv/.rbenv/versions/2.1.0/lib/ruby/gems/2.1.0/specifications/classifier-1.3.4.gemspec
I, [2014-03-12T09:39:52.067254 #60005]  INFO -- : 0:  colorator (0.1) from /Users/kalv/.rbenv/versions/2.1.0/lib/ruby/gems/2.1.0/specifications/colorator-0.1.gemspec
I, [2014-03-12T09:39:52.067709 #60005]  INFO -- : 0:  highline (1.6.20) from /Users/kalv/.rbenv/versions/2.1.0/lib/ruby/gems/2.1.0/specifications/highline-1.6.20.gemspec
I, [2014-03-12T09:39:52.527432 #60005]  INFO -- : 0:  commander (4.1.5) from /Users/kalv/.rbenv/versions/2.1.0/lib/ruby/gems/2.1.0/specifications/commander-4.1.5.gemspec
I, [2014-03-12T09:39:52.527984 #60005]  INFO -- : 0:  execjs (2.0.2) from /Users/kalv/.rbenv/versions/2.1.0/lib/ruby/gems/2.1.0/specifications/execjs-2.0.2.gemspec
I, [2014-03-12T09:39:52.528320 #60005]  INFO -- : 0:  ffi (1.9.3) from /Users/kalv/.rbenv/versions/2.1.0/lib/ruby/gems/2.1.0/specifications/ffi-1.9.3.gemspec
I, [2014-03-12T09:39:52.528562 #60005]  INFO -- : 0:  hike (1.2.3) from /Users/kalv/.rbenv/versions/2.1.0/lib/ruby/gems/2.1.0/specifications/hike-1.2.3.gemspec
I, [2014-03-12T09:39:53.509933 #60005]  INFO -- : 0:  liquid (2.5.4) from /Users/kalv/.rbenv/versions/2.1.0/lib/ruby/gems/2.1.0/specifications/liquid-2.5.4.gemspec
I, [2014-03-12T09:39:54.826635 #60005]  INFO -- : 0:  rb-fsevent (0.9.4) from /Users/kalv/.rbenv/versions/2.1.0/lib/ruby/gems/2.1.0/specifications/rb-fsevent-0.9.4.gemspec
I, [2014-03-12T09:39:55.045644 #60005]  INFO -- : 0:  rb-inotify (0.9.3) from /Users/kalv/.rbenv/versions/2.1.0/lib/ruby/gems/2.1.0/specifications/rb-inotify-0.9.3.gemspec
I, [2014-03-12T09:39:56.709570 #60005]  INFO -- : 0:  rb-kqueue (0.2.0) from /Users/kalv/.rbenv/versions/2.1.0/lib/ruby/gems/2.1.0/specifications/rb-kqueue-0.2.0.gemspec
I, [2014-03-12T09:39:56.935151 #60005]  INFO -- : 0:  listen (1.3.1) from /Users/kalv/.rbenv/versions/2.1.0/lib/ruby/gems/2.1.0/specifications/listen-1.3.1.gemspec
I, [2014-03-12T09:39:58.637751 #60005]  INFO -- : 0:  maruku (0.7.0) from /Users/kalv/.rbenv/versions/2.1.0/lib/ruby/gems/2.1.0/specifications/maruku-0.7.0.gemspec
I, [2014-03-12T09:39:59.259488 #60005]  INFO -- : 0:  posix-spawn (0.3.8) from /Users/kalv/.rbenv/versions/2.1.0/lib/ruby/gems/2.1.0/specifications/posix-spawn-0.3.8.gemspec
I, [2014-03-12T09:40:01.591540 #60005]  INFO -- : 0:  yajl-ruby (1.1.0) from /Users/kalv/.rbenv/versions/2.1.0/lib/ruby/gems/2.1.0/specifications/yajl-ruby-1.1.0.gemspec
I, [2014-03-12T09:40:03.258811 #60005]  INFO -- : 0:  pygments.rb (0.5.4) from /Users/kalv/.rbenv/versions/2.1.0/lib/ruby/gems/2.1.0/specifications/pygments.rb-0.5.4.gemspec
I, [2014-03-12T09:40:05.285006 #60005]  INFO -- : 0:  redcarpet (2.3.0) from /Users/kalv/.rbenv/versions/2.1.0/lib/ruby/gems/2.1.0/specifications/redcarpet-2.3.0.gemspec
I, [2014-03-12T09:40:05.285638 #60005]  INFO -- : 0:  safe_yaml (0.9.7) from /Users/kalv/.rbenv/versions/2.1.0/lib/ruby/gems/2.1.0/specifications/safe_yaml-0.9.7.gemspec
I, [2014-03-12T09:40:05.285973 #60005]  INFO -- : 0:  parslet (1.5.0) from /Users/kalv/.rbenv/versions/2.1.0/lib/ruby/gems/2.1.0/specifications/parslet-1.5.0.gemspec
I, [2014-03-12T09:40:06.920754 #60005]  INFO -- : 0:  toml (0.1.0) from /Users/kalv/.rbenv/versions/2.1.0/lib/ruby/gems/2.1.0/specifications/toml-0.1.0.gemspec
I, [2014-03-12T09:40:11.658162 #60005]  INFO -- : 0:  jekyll (1.4.2) from /Users/kalv/.rbenv/versions/2.1.0/lib/ruby/gems/2.1.0/specifications/jekyll-1.4.2.gemspec
I, [2014-03-12T09:40:11.658704 #60005]  INFO -- : 0:  multi_json (1.8.2) from /Users/kalv/.rbenv/versions/2.1.0/lib/ruby/gems/2.1.0/specifications/multi_json-1.8.2.gemspec
I, [2014-03-12T09:40:11.659031 #60005]  INFO -- : 0:  rack (1.5.2) from /Users/kalv/.rbenv/versions/2.1.0/lib/ruby/gems/2.1.0/specifications/rack-1.5.2.gemspec
I, [2014-03-12T09:40:11.659316 #60005]  INFO -- : 0:  tilt (1.4.1) from /Users/kalv/.rbenv/versions/2.1.0/lib/ruby/gems/2.1.0/specifications/tilt-1.4.1.gemspec
I, [2014-03-12T09:40:11.659588 #60005]  INFO -- : 0:  sprockets (2.10.1) from /Users/kalv/.rbenv/versions/2.1.0/lib/ruby/gems/2.1.0/specifications/sprockets-2.10.1.gemspec
I, [2014-03-12T09:40:11.905776 #60005]  INFO -- : 0:  jekyll-assets (0.7.4) from /Users/kalv/.rbenv/versions/2.1.0/lib/ruby/gems/2.1.0/specifications/jekyll-assets-0.7.4.gemspec
I, [2014-03-12T09:40:11.906060 #60005]  INFO -- : 0:  json (1.8.1) from /Users/kalv/.rbenv/versions/2.1.0/lib/ruby/gems/2.1.0/specifications/default/json-1.8.1.gemspec
I, [2014-03-12T09:40:39.389222 #60005]  INFO -- : 0:  libv8 (3.16.14.3) from /Users/kalv/.rbenv/versions/2.1.0/lib/ruby/gems/2.1.0/specifications/libv8-3.16.14.3-x86_64-darwin-13.gemspec
I, [2014-03-12T09:40:40.477265 #60005]  INFO -- : 0:  ref (1.0.5) from /Users/kalv/.rbenv/versions/2.1.0/lib/ruby/gems/2.1.0/specifications/ref-1.0.5.gemspec
I, [2014-03-12T09:40:40.477649 #60005]  INFO -- : 0:  sass (3.2.13) from /Users/kalv/.rbenv/versions/2.1.0/lib/ruby/gems/2.1.0/specifications/sass-3.2.13.gemspec
I, [2014-03-12T09:40:40.871185 #60005]  INFO -- : 0:  stringex (2.1.2) from /Users/kalv/.rbenv/versions/2.1.0/lib/ruby/gems/2.1.0/specifications/stringex-2.1.2.gemspec
I, [2014-03-12T09:40:48.551679 #60005]  INFO -- : 0:  therubyracer (0.12.0) from /Users/kalv/.rbenv/versions/2.1.0/lib/ruby/gems/2.1.0/specifications/therubyracer-0.12.0.gemspec
I, [2014-03-12T09:40:48.552051 #60005]  INFO -- : 0:  uglifier (2.4.0) from /Users/kalv/.rbenv/versions/2.1.0/lib/ruby/gems/2.1.0/specifications/uglifier-2.4.0.gemspec
I, [2014-03-12T09:40:48.552237 #60005]  INFO -- : 0:  bundler (1.5.1) from /Users/kalv/.rbenv/versions/2.1.0/lib/ruby/gems/2.1.0/specifications/bundler-1.5.1.gemspec
